SF:lib\common\helpr\auth\signin_lockout_store.dart
DA:8,5
DA:21,9
DA:23,9
DA:24,3
DA:25,6
DA:27,3
DA:28,3
DA:29,3
DA:30,6
DA:32,6
DA:35,3
DA:42,3
DA:44,3
DA:45,3
DA:47,3
DA:48,0
DA:56,3
DA:63,2
DA:64,2
DA:65,2
DA:66,2
DA:67,2
DA:71,4
DA:72,2
DA:74,2
DA:75,4
DA:76,2
DA:77,2
DA:78,2
DA:80,4
DA:84,4
DA:88,1
DA:89,1
DA:90,1
DA:91,2
DA:92,2
DA:96,3
DA:97,3
DA:98,3
DA:102,3
DA:103,3
DA:105,3
DA:106,1
DA:108,3
DA:109,1
DA:111,3
LF:46
LH:45
end_of_record
SF:lib\presentation\auth\bloc\button_cubit.dart
DA:7,18
DA:9,3
DA:11,6
DA:12,3
DA:13,3
DA:14,6
DA:15,9
DA:16,6
DA:19,3
LF:9
LH:9
end_of_record
SF:lib\presentation\auth\bloc\button_state.dart
DA:10,2
DA:16,3
LF:2
LH:2
end_of_record
SF:lib\data\auth\models\user_model.dart
DA:17,2
DA:27,1
DA:28,1
DA:29,4
DA:32,0
DA:34,0
DA:35,0
DA:38,0
DA:39,0
DA:40,0
DA:41,0
DA:42,0
DA:43,0
DA:44,0
DA:45,0
DA:46,0
DA:47,0
DA:51,1
DA:52,1
DA:53,1
DA:54,1
DA:55,2
DA:56,0
DA:57,0
DA:58,0
DA:59,0
DA:61,0
DA:65,1
DA:66,1
DA:67,1
DA:68,1
DA:69,1
DA:70,1
DA:72,1
DA:73,1
DA:77,0
DA:79,0
DA:80,0
DA:84,2
DA:85,2
DA:86,2
DA:87,2
DA:88,2
DA:89,2
DA:90,2
DA:91,2
DA:92,2
DA:93,2
LF:48
LH:27
end_of_record
SF:lib\domain\auth\entity\user_entity.dart
DA:15,5
DA:26,0
DA:27,0
DA:28,0
DA:29,0
DA:30,0
DA:31,0
DA:32,0
DA:33,0
DA:34,0
DA:35,0
DA:39,0
DA:40,0
DA:41,0
DA:42,0
DA:43,0
DA:44,0
DA:45,0
DA:46,0
DA:47,0
DA:48,0
DA:52,0
DA:54,0
DA:55,0
LF:24
LH:1
end_of_record
SF:lib\core\error\failure.dart
DA:4,23
DA:6,14
DA:8,28
LF:3
LH:3
end_of_record
SF:lib\data\auth\models\user_creation_req.dart
DA:13,6
DA:24,1
DA:25,1
DA:26,1
DA:27,1
DA:28,1
DA:29,1
DA:30,1
DA:31,3
DA:32,1
DA:36,1
DA:37,1
DA:38,1
DA:39,1
DA:40,1
DA:41,1
DA:42,1
DA:43,3
DA:44,1
LF:19
LH:19
end_of_record
SF:lib\data\auth\models\user_signin_req.dart
DA:5,3
LF:1
LH:1
end_of_record
SF:lib\data\auth\repository\auth_repository_impl.dart
DA:13,0
DA:15,0
DA:18,0
DA:21,0
DA:24,0
DA:27,0
DA:30,0
DA:32,0
DA:35,0
DA:38,0
DA:41,0
DA:44,0
DA:47,1
DA:49,3
DA:50,1
DA:51,1
DA:52,1
DA:54,1
DA:55,2
DA:60,0
DA:62,0
LF:21
LH:7
end_of_record
SF:lib\data\auth\source\firebase_service.dart
DA:24,0
DA:25,0
DA:28,0
DA:31,0
DA:32,0
DA:33,0
DA:36,0
DA:39,0
DA:40,0
DA:41,0
DA:42,0
DA:43,0
DA:46,0
DA:47,0
DA:48,0
DA:50,0
DA:51,0
DA:54,0
DA:58,0
DA:63,0
DA:64,0
DA:65,0
DA:67,0
DA:68,0
DA:69,0
DA:71,0
DA:72,0
DA:73,0
DA:74,0
DA:75,0
DA:76,0
DA:77,0
DA:81,0
DA:85,0
DA:86,0
DA:87,0
DA:88,0
DA:89,0
DA:90,0
DA:91,0
DA:92,0
DA:94,0
DA:95,0
DA:98,0
DA:102,0
DA:106,0
DA:107,0
DA:109,0
DA:112,0
DA:113,0
DA:114,0
DA:117,0
DA:118,0
DA:121,0
DA:122,0
DA:123,0
DA:124,0
DA:126,0
DA:128,0
DA:132,0
DA:133,0
DA:135,0
DA:139,0
DA:142,0
DA:143,0
DA:144,0
DA:145,0
DA:147,0
DA:151,0
DA:154,0
DA:155,0
DA:157,0
DA:161,0
DA:164,0
DA:166,0
DA:168,0
DA:169,0
DA:170,0
DA:171,0
DA:172,0
DA:174,0
DA:176,0
DA:178,0
DA:179,0
DA:180,0
DA:182,0
DA:184,0
DA:185,0
DA:187,0
DA:191,0
DA:195,0
DA:196,0
DA:199,0
DA:200,0
DA:201,0
DA:202,0
DA:203,0
DA:204,0
DA:206,0
DA:207,0
DA:210,0
DA:214,0
DA:218,0
DA:220,0
DA:224,0
DA:226,0
DA:227,0
DA:228,0
DA:231,0
DA:233,0
DA:237,0
DA:238,0
DA:239,0
DA:241,0
LF:114
LH:0
end_of_record
SF:lib\domain\auth\usecases\upload_profile_image.dart
DA:11,1
DA:13,3
DA:21,1
LF:3
LH:3
end_of_record
SF:lib\service_locator.dart
DA:43,90
DA:45,0
DA:47,0
DA:49,0
DA:51,0
DA:53,0
DA:54,0
DA:56,0
DA:59,0
DA:61,0
DA:63,0
DA:65,0
DA:67,0
DA:70,0
DA:71,0
DA:72,0
DA:73,0
DA:74,0
DA:75,0
DA:76,0
DA:77,0
DA:78,0
DA:79,0
DA:80,0
DA:81,0
DA:82,0
DA:83,0
DA:84,0
DA:85,0
DA:86,0
DA:87,0
DA:88,0
DA:89,0
DA:90,0
DA:91,0
DA:92,0
DA:93,0
DA:96,0
DA:97,0
DA:98,0
DA:99,0
DA:100,0
DA:101,0
DA:102,0
DA:103,0
DA:104,0
DA:105,0
DA:106,0
DA:107,0
DA:108,0
DA:111,0
DA:112,0
DA:113,0
DA:116,0
DA:117,0
DA:118,0
LF:56
LH:1
end_of_record
SF:lib\data\categories\models\categories_model.dart
DA:11,2
DA:17,1
DA:18,1
DA:19,1
DA:20,1
DA:21,1
DA:25,2
DA:26,2
DA:27,2
DA:28,2
DA:29,2
DA:33,3
DA:35,3
DA:39,2
DA:40,2
DA:41,2
DA:42,2
DA:43,2
LF:18
LH:18
end_of_record
SF:lib\domain\categories\entities\categories_entity.dart
DA:8,4
DA:14,0
DA:15,0
DA:16,0
DA:17,0
DA:18,0
DA:22,0
DA:23,0
DA:24,0
DA:25,0
DA:26,0
DA:30,0
DA:32,0
LF:13
LH:1
end_of_record
SF:lib\data\categories\repository\category_repository_impl.dart
DA:9,1
DA:11,3
DA:12,1
DA:13,1
DA:14,1
DA:16,1
DA:17,1
DA:18,2
DA:19,3
DA:20,1
LF:10
LH:10
end_of_record
SF:lib\data\categories\source\category_firebase_service.dart
DA:10,0
DA:13,0
DA:14,0
DA:15,0
DA:16,0
LF:5
LH:0
end_of_record
SF:lib\data\favorites\models\favorite_model.dart
DA:10,1
DA:17,1
DA:18,1
DA:19,1
DA:20,1
DA:21,1
DA:22,1
DA:26,1
DA:27,1
DA:28,1
DA:29,1
DA:30,1
DA:31,1
DA:35,1
DA:36,1
DA:37,1
DA:38,1
DA:39,1
DA:40,1
DA:46,1
DA:47,1
DA:48,1
DA:49,1
DA:50,1
DA:51,1
LF:25
LH:25
end_of_record
SF:lib\domain\favorites\entities\favorite_entity.dart
DA:9,3
LF:1
LH:1
end_of_record
SF:lib\data\favorites\repository\favorite_repository_impl.dart
DA:9,1
DA:11,3
DA:13,1
DA:14,2
DA:15,2
DA:16,1
DA:17,4
DA:18,1
DA:23,1
DA:25,1
DA:26,4
DA:29,1
DA:31,3
LF:13
LH:13
end_of_record
SF:lib\data\favorites\source\favorites_firebase_service.dart
DA:11,0
DA:14,0
DA:15,0
DA:16,0
DA:17,0
DA:19,0
DA:21,0
DA:25,0
DA:28,0
DA:29,0
DA:31,0
DA:32,0
DA:33,0
DA:35,0
DA:40,0
DA:44,0
DA:47,0
DA:48,0
DA:49,0
DA:50,0
DA:51,0
DA:53,0
DA:57,0
DA:58,0
DA:63,0
LF:25
LH:0
end_of_record
SF:lib\data\products\models\color_model.dart
DA:10,3
DA:15,0
DA:17,0
DA:20,1
DA:21,1
DA:22,1
DA:23,1
DA:27,3
DA:28,3
DA:29,3
DA:30,3
DA:34,3
DA:36,3
DA:40,3
DA:41,9
LF:15
LH:13
end_of_record
SF:lib\domain\products\entities\color_entity.dart
DA:5,4
LF:1
LH:1
end_of_record
SF:lib\data\products\models\product_model.dart
DA:23,2
DA:26,2
DA:27,2
DA:28,2
DA:29,2
DA:30,2
DA:31,2
DA:32,4
DA:33,6
DA:34,2
DA:35,2
DA:36,2
DA:37,2
DA:38,6
DA:39,2
DA:40,6
DA:41,2
DA:42,2
DA:43,2
DA:44,2
DA:50,2
DA:51,2
DA:52,2
DA:53,2
DA:54,2
DA:55,2
DA:56,10
DA:57,2
DA:58,2
DA:59,2
DA:60,2
DA:61,2
DA:62,2
DA:63,2
DA:64,2
DA:65,2
DA:66,2
LF:37
LH:37
end_of_record
SF:lib\domain\products\entities\product_entity.dart
DA:22,4
LF:1
LH:1
end_of_record
SF:lib\data\products\repository_impl\products_repository_impl.dart
DA:8,1
DA:11,3
DA:12,1
DA:13,2
DA:14,2
DA:15,1
DA:16,4
DA:17,1
DA:21,2
DA:25,1
DA:28,3
DA:29,1
DA:30,2
DA:31,2
DA:32,1
DA:33,4
DA:34,1
DA:38,2
LF:18
LH:18
end_of_record
SF:lib\data\products\source\products_firebase_service.dart
DA:11,0
DA:14,0
DA:15,0
DA:16,0
DA:17,0
DA:18,0
DA:19,0
DA:20,0
DA:22,0
DA:26,0
DA:29,0
DA:30,0
DA:31,0
DA:32,0
DA:33,0
DA:34,0
DA:35,0
DA:36,0
DA:37,0
DA:38,0
DA:40,0
LF:21
LH:0
end_of_record
SF:lib\data\sales\models\sales_model.dart
DA:19,2
DA:35,2
DA:36,2
DA:37,2
DA:42,2
DA:43,2
DA:46,1
DA:47,0
DA:52,2
DA:53,2
DA:56,1
DA:59,2
DA:60,3
DA:62,2
DA:63,1
DA:67,2
DA:68,6
DA:69,2
DA:72,2
DA:73,2
DA:74,4
DA:75,4
DA:76,4
DA:77,4
DA:78,4
DA:79,4
DA:80,4
DA:81,2
DA:82,4
DA:83,4
DA:84,4
DA:85,4
DA:86,4
DA:90,2
DA:91,2
DA:92,2
DA:93,2
DA:94,2
DA:95,2
DA:96,2
DA:97,2
DA:98,2
DA:99,2
DA:100,2
DA:101,2
DA:102,2
DA:103,2
DA:104,2
DA:108,2
DA:109,2
DA:110,2
DA:111,2
DA:112,2
DA:113,2
DA:114,2
DA:115,2
DA:116,2
DA:117,2
DA:118,2
DA:119,2
DA:120,2
DA:121,2
DA:122,2
DA:128,2
DA:129,2
DA:130,2
DA:131,2
DA:132,2
DA:133,2
DA:134,2
DA:135,2
DA:136,2
DA:137,2
DA:138,2
DA:139,2
DA:140,2
DA:141,2
DA:142,2
LF:78
LH:77
end_of_record
SF:lib\domain\sales\entities\sales_entity.dart
DA:18,6
LF:1
LH:1
end_of_record
SF:lib\data\sales\repository\sales_repository_impl.dart
DA:9,1
DA:11,3
DA:13,1
DA:14,2
DA:15,1
DA:17,1
DA:18,1
DA:19,2
DA:20,3
DA:21,1
DA:23,1
DA:25,1
DA:31,1
DA:33,1
DA:34,4
LF:15
LH:15
end_of_record
SF:lib\data\sales\source\sales_firebase_service.dart
DA:10,0
DA:13,0
DA:14,0
DA:15,0
DA:16,0
DA:18,0
DA:20,0
DA:24,0
DA:27,0
DA:28,0
DA:29,0
DA:31,0
DA:32,0
DA:33,0
DA:35,0
DA:36,0
DA:38,0
DA:39,0
DA:40,0
DA:41,0
DA:43,0
DA:44,0
DA:46,0
DA:47,0
DA:48,0
DA:50,0
DA:51,0
DA:56,0
DA:57,0
DA:58,0
DA:59,0
DA:60,0
DA:61,0
DA:62,0
DA:63,0
DA:64,0
DA:65,0
DA:66,0
DA:67,0
DA:68,0
DA:74,0
DA:78,0
LF:42
LH:0
end_of_record
SF:lib\domain\auth\usecases\get_user.dart
DA:9,1
DA:11,3
LF:2
LH:2
end_of_record
SF:lib\domain\auth\usecases\is_logged_in.dart
DA:9,1
DA:12,3
DA:13,1
DA:15,3
LF:4
LH:4
end_of_record
SF:lib\domain\auth\usecases\send_password_reset_email.dart
DA:8,1
DA:10,3
LF:2
LH:2
end_of_record
SF:lib\domain\auth\usecases\signin.dart
DA:9,1
DA:11,3
LF:2
LH:2
end_of_record
SF:lib\domain\auth\usecases\signout.dart
DA:8,1
DA:10,3
LF:2
LH:2
end_of_record
SF:lib\domain\auth\usecases\signup.dart
DA:9,1
DA:11,3
LF:2
LH:2
end_of_record
SF:lib\domain\auth\usecases\update_user.dart
DA:9,1
DA:11,3
LF:2
LH:2
end_of_record
SF:lib\domain\categories\usecases\get_categories.dart
DA:7,1
DA:9,3
LF:2
LH:2
end_of_record
SF:lib\domain\favorites\usecases\delete_favorite.dart
DA:10,2
DA:15,1
DA:17,2
DA:18,3
LF:4
LH:4
end_of_record
SF:lib\domain\favorites\usecases\get_favorites_by_user_id.dart
DA:7,1
DA:9,3
LF:2
LH:2
end_of_record
SF:lib\domain\favorites\usecases\register_favorite.dart
DA:8,1
DA:10,3
LF:2
LH:2
end_of_record
SF:lib\domain\products\usecases\get_new_in_usecase.dart
DA:7,1
DA:9,3
LF:2
LH:2
end_of_record
SF:lib\domain\products\usecases\get_top_selling_usecase.dart
DA:7,1
DA:9,3
LF:2
LH:2
end_of_record
SF:lib\domain\sales\usecases\get_sales_by_user_id.dart
DA:7,1
DA:9,3
LF:2
LH:2
end_of_record
SF:lib\domain\sales\usecases\register_sale.dart
DA:8,1
DA:10,3
LF:2
LH:2
end_of_record
SF:lib\presentation\auth\bloc\signout_cubit.dart
DA:7,3
DA:9,1
DA:10,2
DA:12,3
DA:13,1
DA:14,4
DA:15,3
DA:18,0
LF:8
LH:7
end_of_record
SF:lib\presentation\auth\bloc\signout_state.dart
DA:10,1
DA:16,1
LF:2
LH:2
end_of_record
SF:lib\presentation\auth\bloc\user_cubit.dart
DA:7,3
DA:9,1
DA:10,2
DA:12,3
DA:13,1
DA:14,4
DA:15,3
DA:18,0
LF:8
LH:7
end_of_record
SF:lib\presentation\auth\bloc\user_state.dart
DA:11,1
DA:16,1
DA:18,1
DA:19,2
LF:4
LH:4
end_of_record
SF:lib\presentation\favorites\bloc\favorites_cubit.dart
DA:13,1
DA:17,2
DA:19,1
DA:20,2
DA:21,2
DA:23,1
DA:25,1
DA:26,1
DA:27,1
DA:28,3
DA:30,1
DA:31,1
DA:32,3
DA:37,1
DA:38,2
DA:39,2
DA:41,1
DA:43,1
DA:44,0
DA:45,0
DA:46,0
DA:48,1
DA:49,1
DA:50,3
DA:55,1
DA:56,2
DA:57,2
DA:58,1
DA:61,1
DA:63,1
DA:64,0
DA:65,0
DA:66,0
DA:68,1
DA:69,1
DA:70,3
LF:36
LH:30
end_of_record
SF:lib\presentation\favorites\bloc\favorites_state.dart
DA:12,1
DA:20,1
DA:28,1
DA:34,1
LF:4
LH:4
end_of_record
SF:lib\presentation\home\bloc\categories_cubit.dart
DA:7,3
DA:9,1
DA:10,2
DA:11,3
DA:12,1
DA:14,1
DA:15,1
DA:16,1
DA:17,3
DA:19,1
DA:20,1
DA:21,2
LF:12
LH:12
end_of_record
SF:lib\presentation\home\bloc\categories_state.dart
DA:12,1
DA:18,1
LF:2
LH:2
end_of_record
SF:lib\presentation\home\bloc\new_in_display_cubit.dart
DA:5,1
LF:1
LH:1
end_of_record
SF:lib\presentation\products\bloc\products_display_cubit.dart
DA:7,6
DA:10,1
DA:11,2
DA:13,2
DA:14,1
DA:15,4
DA:16,3
DA:19,0
LF:8
LH:7
end_of_record
SF:lib\presentation\products\bloc\products_display_state.dart
DA:12,1
DA:18,1
LF:2
LH:2
end_of_record
SF:lib\presentation\sales\bloc\get_sales_by_user_id_cubit.dart
DA:9,1
DA:10,2
DA:12,1
DA:13,2
DA:14,2
DA:16,1
DA:18,1
DA:19,1
DA:20,1
DA:21,3
DA:23,1
DA:24,1
DA:25,3
LF:13
LH:13
end_of_record
SF:lib\presentation\sales\bloc\get_sales_by_user_id_state.dart
DA:12,1
DA:18,1
LF:2
LH:2
end_of_record
SF:lib\presentation\sales\bloc\register_sale_cubit.dart
DA:9,1
DA:10,2
DA:12,1
DA:13,2
DA:15,2
DA:17,1
DA:19,1
DA:20,1
DA:21,1
DA:22,3
DA:24,1
DA:25,1
DA:26,3
LF:13
LH:13
end_of_record
SF:lib\presentation\sales\bloc\register_sale_state.dart
DA:10,1
DA:16,1
LF:2
LH:2
end_of_record
SF:lib\presentation\splash\bloc\splash_cubit.dart
DA:7,3
DA:9,1
DA:11,3
DA:12,1
DA:13,1
DA:14,2
DA:16,1
DA:18,2
DA:20,2
DA:24,0
DA:25,0
LF:11
LH:9
end_of_record
SF:lib\common\helpr\cart\cart_draft_store.dart
DA:10,1
DA:12,3
DA:18,3
DA:20,3
DA:22,3
DA:24,1
DA:25,2
DA:26,3
DA:28,1
DA:29,2
DA:30,3
DA:32,1
DA:33,2
DA:34,3
DA:36,1
DA:37,1
DA:42,1
DA:43,1
DA:45,2
DA:46,0
DA:50,1
DA:51,1
DA:52,0
DA:57,1
DA:58,4
DA:59,1
DA:61,1
DA:62,1
DA:63,1
DA:65,1
DA:66,1
DA:68,0
DA:72,1
DA:73,2
DA:74,1
DA:75,2
DA:78,1
DA:79,4
DA:82,2
DA:83,1
DA:84,2
DA:87,1
DA:88,2
DA:89,1
DA:90,2
DA:93,1
DA:95,1
DA:96,3
DA:97,2
DA:103,1
DA:104,1
DA:105,2
DA:106,1
DA:107,1
DA:108,1
DA:109,1
DA:110,1
DA:111,1
DA:112,1
DA:113,1
DA:114,2
DA:115,1
DA:116,1
DA:117,1
DA:121,1
DA:122,1
DA:123,1
DA:124,2
DA:125,2
DA:127,2
DA:128,2
DA:129,2
DA:130,2
DA:131,2
DA:132,2
DA:133,2
DA:134,2
DA:135,1
DA:136,2
DA:137,2
DA:139,2
DA:140,2
DA:141,2
DA:145,1
DA:146,1
DA:147,0
DA:151,1
DA:152,3
DA:153,1
DA:156,1
DA:157,1
DA:158,1
DA:161,0
DA:162,0
DA:168,1
DA:169,1
DA:173,0
DA:174,0
DA:177,0
DA:178,0
LF:100
LH:90
end_of_record
SF:lib\common\helpr\images\image_display_helper.dart
DA:5,2
DA:6,2
DA:8,2
DA:12,2
DA:13,2
DA:15,2
LF:6
LH:6
end_of_record
SF:lib\common\helpr\navigator\app_navigator.dart
DA:4,3
DA:5,3
DA:7,6
DA:11,2
DA:12,2
DA:14,4
DA:15,2
DA:19,3
DA:20,3
DA:22,6
LF:10
LH:10
end_of_record
SF:lib\common\helpr\navigator\app_route_observer.dart
DA:3,2
DA:4,1
LF:2
LH:2
end_of_record
SF:lib\common\widgets\basic_reactive_button.dart
DA:12,5
DA:18,5
DA:20,5
DA:21,5
DA:22,5
DA:25,5
DA:26,5
DA:27,15
DA:30,5
DA:31,5
DA:39,10
DA:40,5
DA:49,10
LF:13
LH:13
end_of_record
SF:lib\common\widgets\my_app_bar.dart
DA:9,3
DA:17,7
DA:19,7
DA:20,7
DA:22,7
DA:24,0
DA:27,7
DA:28,7
DA:35,7
DA:37,28
DA:42,7
LF:11
LH:10
end_of_record
SF:lib\presentation\auth\pages\gender_and_age.dart
DA:18,2
DA:23,2
DA:24,2
DA:39,2
DA:41,2
DA:42,2
DA:48,2
DA:49,2
DA:50,2
DA:51,2
DA:52,2
DA:53,4
DA:54,8
DA:55,4
DA:56,10
DA:57,4
DA:60,1
DA:65,0
DA:66,0
DA:68,0
DA:70,0
DA:72,0
DA:73,0
DA:74,0
DA:76,0
DA:79,0
DA:80,0
DA:81,0
DA:86,1
DA:87,1
DA:88,3
DA:90,3
DA:91,3
DA:94,0
DA:97,1
DA:100,2
DA:102,4
DA:103,4
DA:104,2
DA:107,2
DA:109,2
DA:115,2
DA:116,4
DA:117,2
DA:118,1
DA:119,1
DA:120,2
DA:121,1
DA:122,2
DA:126,1
DA:127,2
DA:128,1
DA:129,2
DA:134,1
DA:140,2
DA:141,2
DA:142,2
DA:143,4
DA:145,6
DA:147,6
DA:149,2
DA:150,2
DA:152,4
DA:153,2
DA:154,2
DA:156,2
DA:170,2
DA:172,2
DA:194,2
DA:196,2
DA:197,2
DA:199,4
DA:200,0
DA:201,0
DA:202,0
DA:206,6
DA:207,2
DA:208,4
DA:210,3
DA:215,2
DA:217,4
DA:218,1
DA:219,2
DA:220,1
DA:224,6
DA:225,2
DA:226,4
DA:228,6
DA:233,2
DA:235,4
DA:236,0
DA:237,0
DA:238,0
DA:242,6
DA:243,2
DA:244,4
DA:246,6
DA:254,2
DA:255,0
DA:256,2
DA:260,2
DA:262,2
DA:263,2
DA:264,2
DA:266,2
DA:267,2
DA:268,2
DA:274,2
DA:275,2
DA:279,2
DA:280,2
DA:281,2
DA:283,10
DA:284,8
DA:285,4
DA:301,2
DA:304,2
DA:306,2
DA:307,2
DA:308,2
DA:313,2
DA:314,4
DA:316,2
DA:323,2
DA:324,2
DA:333,4
DA:334,2
DA:336,2
DA:338,1
DA:339,3
DA:340,1
DA:341,1
DA:342,1
DA:343,1
DA:351,1
DA:352,2
DA:353,0
DA:354,0
DA:365,3
DA:366,1
DA:367,3
DA:368,1
DA:369,3
DA:370,2
DA:371,2
DA:372,2
DA:373,2
LF:147
LH:126
end_of_record
SF:lib\presentation\auth\pages\signin.dart
DA:14,4
DA:16,4
DA:17,4
DA:33,4
DA:35,4
DA:36,16
DA:37,10
DA:39,4
DA:41,8
DA:46,12
DA:47,4
DA:48,8
DA:49,8
DA:51,4
DA:52,8
DA:53,8
DA:55,4
DA:56,8
DA:57,8
DA:59,4
DA:60,8
DA:61,8
DA:63,4
DA:64,8
DA:65,8
DA:67,4
DA:68,8
DA:69,8
DA:71,8
DA:74,8
DA:75,0
DA:79,4
DA:80,12
DA:81,4
DA:82,0
DA:85,16
DA:86,8
DA:87,20
DA:88,8
DA:91,0
DA:96,4
DA:98,8
DA:99,8
DA:100,8
DA:101,8
DA:102,4
DA:105,4
DA:107,4
DA:109,4
DA:111,4
DA:112,4
DA:113,8
DA:114,8
DA:115,4
DA:116,12
DA:117,8
DA:119,12
DA:121,4
DA:123,4
DA:124,8
DA:125,4
DA:126,4
DA:127,4
DA:128,4
DA:131,4
DA:132,4
DA:133,4
DA:141,4
DA:144,0
DA:145,4
DA:147,4
DA:148,4
DA:149,4
DA:155,4
DA:156,4
DA:162,4
DA:163,4
DA:171,4
DA:174,0
DA:176,4
DA:177,4
DA:178,12
DA:181,4
DA:182,4
DA:189,1
DA:190,3
DA:191,1
DA:192,2
DA:193,1
DA:194,1
DA:201,2
DA:202,2
DA:213,2
DA:214,1
DA:216,1
DA:217,2
DA:218,1
DA:219,2
DA:221,2
DA:229,1
DA:231,1
DA:232,1
DA:242,4
DA:246,4
DA:247,4
DA:248,4
DA:249,4
DA:250,4
DA:251,8
DA:252,0
DA:253,0
DA:255,0
DA:261,4
DA:262,4
DA:264,4
DA:265,12
DA:268,4
DA:269,4
DA:271,4
DA:275,12
DA:278,4
DA:279,4
DA:280,0
LF:123
LH:114
end_of_record
SF:lib\presentation\auth\pages\my_profile_page.dart
DA:16,3
DA:18,1
DA:19,1
DA:41,1
DA:43,1
DA:44,1
DA:47,1
DA:49,2
DA:50,2
DA:51,2
DA:52,2
DA:53,2
DA:54,1
DA:57,1
DA:58,2
DA:59,1
DA:63,3
DA:65,1
DA:69,1
DA:70,1
DA:71,3
DA:72,1
DA:73,2
DA:78,1
DA:79,3
DA:80,3
DA:81,3
DA:82,2
DA:83,3
DA:84,4
DA:85,2
DA:86,2
DA:90,2
DA:91,1
DA:95,0
DA:97,0
DA:99,0
DA:103,0
DA:104,0
DA:107,0
DA:108,0
DA:109,0
DA:113,0
DA:114,0
DA:117,0
DA:128,0
DA:129,0
DA:132,0
DA:133,0
DA:136,0
DA:140,0
DA:141,0
DA:142,0
DA:143,0
DA:144,0
DA:149,0
DA:150,0
DA:151,0
DA:154,0
DA:163,0
DA:164,0
DA:168,0
DA:169,0
DA:172,0
DA:175,0
DA:178,0
DA:184,0
DA:185,0
DA:186,0
DA:187,0
DA:188,0
DA:189,0
DA:193,0
DA:194,0
DA:199,1
DA:200,4
DA:201,4
DA:202,4
DA:203,3
DA:212,2
DA:213,1
DA:216,1
DA:217,1
DA:218,4
DA:220,0
DA:221,3
DA:222,3
DA:223,3
DA:224,1
DA:225,1
DA:229,3
DA:231,1
DA:235,1
DA:236,1
DA:237,3
DA:238,1
DA:239,2
DA:244,1
DA:245,3
DA:246,1
DA:247,1
DA:254,2
DA:255,1
DA:259,1
DA:262,5
DA:264,1
DA:269,1
DA:270,1
DA:272,1
DA:274,1
DA:275,1
DA:277,1
DA:279,1
DA:280,1
DA:281,1
DA:282,2
DA:284,1
DA:285,1
DA:287,1
DA:288,1
DA:290,1
DA:291,1
DA:292,1
DA:293,1
DA:294,2
DA:295,0
DA:297,2
DA:305,1
DA:308,1
DA:311,1
DA:313,3
DA:315,1
DA:318,1
DA:348,1
DA:349,1
DA:358,1
DA:359,1
DA:365,1
DA:366,1
DA:372,1
DA:373,1
DA:378,1
DA:379,1
DA:380,1
DA:381,1
DA:385,1
DA:386,2
DA:387,2
DA:393,1
DA:394,1
DA:411,1
DA:414,3
DA:415,2
DA:416,1
DA:417,1
DA:419,1
DA:420,2
DA:421,1
DA:425,3
DA:426,1
DA:429,3
DA:433,1
DA:438,1
DA:440,1
DA:443,1
DA:444,1
DA:445,1
DA:450,1
DA:452,1
DA:453,2
DA:454,1
DA:455,1
DA:456,1
DA:462,1
DA:463,1
DA:467,1
DA:468,2
DA:469,4
DA:470,4
DA:471,2
DA:487,1
DA:489,1
DA:490,2
DA:491,1
DA:493,3
DA:496,1
DA:497,1
DA:505,1
DA:527,1
DA:528,4
DA:536,3
DA:538,1
DA:540,3
DA:542,1
DA:544,1
DA:545,1
DA:546,1
DA:549,1
DA:550,1
DA:551,1
DA:552,1
DA:553,1
DA:554,1
DA:573,1
DA:584,1
DA:586,1
DA:588,1
DA:590,1
DA:591,1
DA:592,1
DA:593,1
DA:594,1
DA:599,1
DA:600,1
DA:601,1
DA:602,2
DA:603,3
DA:606,1
DA:607,2
DA:608,1
DA:610,2
DA:613,1
DA:614,1
DA:618,1
LF:224
LH:182
end_of_record
SF:lib\presentation\auth\pages\password.dart
DA:23,2
DA:25,2
DA:26,2
DA:46,1
DA:47,1
DA:48,1
DA:49,1
DA:50,1
DA:51,1
DA:52,1
DA:53,1
DA:56,2
DA:58,2
DA:59,4
DA:63,4
DA:66,4
DA:67,2
DA:71,4
DA:73,5
DA:74,1
DA:75,2
DA:76,3
DA:81,2
DA:84,2
DA:85,2
DA:86,2
DA:87,2
DA:88,2
DA:89,4
DA:90,2
DA:91,0
DA:94,8
DA:95,4
DA:96,10
DA:97,4
DA:100,2
DA:105,2
DA:107,4
DA:108,4
DA:109,4
DA:110,4
DA:111,2
DA:114,2
DA:116,2
DA:122,2
DA:123,4
DA:124,2
DA:125,1
DA:126,1
DA:127,3
DA:129,3
DA:133,2
DA:134,1
DA:138,2
DA:139,1
DA:141,2
DA:142,1
DA:143,2
DA:145,2
DA:151,1
DA:153,1
DA:158,2
DA:159,1
DA:161,2
DA:162,1
DA:164,2
DA:165,1
DA:166,1
DA:167,2
DA:175,2
DA:176,1
DA:177,2
DA:181,1
DA:182,0
DA:183,0
DA:184,0
DA:185,0
DA:187,0
DA:188,0
DA:189,0
DA:193,0
DA:199,2
DA:200,2
DA:201,2
DA:202,4
DA:203,4
DA:204,4
DA:206,6
DA:208,6
DA:210,2
DA:213,4
DA:214,2
DA:216,4
DA:217,2
DA:218,2
DA:220,2
DA:221,2
DA:222,2
DA:223,2
DA:233,2
DA:234,2
DA:236,2
DA:242,2
DA:243,2
DA:246,2
DA:248,2
DA:249,2
DA:250,2
DA:251,2
DA:256,2
DA:257,2
DA:259,2
DA:261,2
DA:262,2
DA:265,2
DA:270,2
DA:271,2
DA:272,2
DA:276,1
DA:277,2
DA:278,2
DA:288,2
DA:289,2
DA:294,2
DA:299,2
DA:302,2
DA:303,2
DA:304,2
DA:306,1
DA:307,2
DA:308,1
DA:309,2
DA:317,3
DA:318,1
DA:320,1
DA:321,1
DA:322,1
DA:324,1
DA:325,1
DA:326,1
DA:327,1
DA:328,2
DA:330,2
DA:335,1
DA:337,1
DA:344,2
DA:346,1
DA:347,1
DA:354,1
DA:361,1
DA:362,2
DA:363,2
DA:372,2
DA:374,2
DA:376,2
DA:378,2
DA:379,2
DA:381,2
DA:382,2
DA:383,2
DA:384,2
DA:387,2
DA:388,2
DA:390,2
DA:393,2
DA:394,2
DA:395,2
DA:398,2
DA:399,2
DA:400,0
LF:170
LH:160
end_of_record
SF:lib\presentation\home\page\home.dart
DA:36,3
DA:38,0
DA:39,0
DA:51,0
DA:53,0
DA:54,0
DA:57,0
DA:59,0
DA:61,0
DA:62,0
DA:66,0
DA:67,0
DA:70,0
DA:71,0
DA:74,0
DA:76,0
DA:77,0
DA:80,0
DA:82,0
DA:83,0
DA:84,0
DA:88,0
DA:90,0
DA:91,0
DA:92,0
DA:96,0
DA:97,0
DA:98,0
DA:99,0
DA:102,0
DA:103,0
DA:110,0
DA:112,0
DA:114,0
DA:118,0
DA:119,0
DA:126,0
DA:127,0
DA:128,0
DA:132,0
DA:138,0
DA:144,0
DA:150,0
DA:151,0
DA:160,0
DA:161,0
DA:162,0
DA:163,0
DA:164,0
DA:168,0
DA:169,0
DA:171,0
DA:175,0
DA:176,0
DA:177,0
DA:180,0
DA:181,0
DA:183,0
DA:184,0
DA:185,0
DA:187,0
DA:188,0
DA:189,0
DA:191,0
DA:195,0
DA:196,0
DA:197,0
DA:200,0
DA:201,0
DA:202,0
DA:204,0
DA:207,0
DA:211,0
DA:212,0
DA:214,0
DA:222,0
DA:224,0
DA:229,0
DA:230,0
DA:231,0
DA:234,0
DA:235,0
DA:238,0
DA:239,0
DA:240,0
DA:248,0
DA:252,0
DA:253,0
DA:256,0
DA:258,0
DA:260,0
DA:261,0
DA:262,0
DA:263,0
DA:265,0
DA:266,0
DA:268,0
DA:269,0
DA:271,0
DA:272,0
DA:274,0
DA:275,0
DA:276,0
DA:277,0
DA:278,0
DA:284,0
DA:285,0
DA:286,0
DA:287,0
DA:288,0
DA:289,0
DA:290,0
DA:291,0
DA:298,0
DA:299,0
DA:300,0
DA:301,0
DA:302,0
DA:303,0
DA:310,0
DA:311,0
DA:312,0
DA:313,0
DA:314,0
DA:315,0
DA:322,0
DA:323,0
DA:324,0
DA:325,0
DA:326,0
DA:327,0
DA:331,0
DA:332,0
DA:336,0
DA:337,0
DA:338,0
DA:339,0
DA:340,0
DA:341,0
DA:345,0
DA:346,0
DA:347,0
DA:348,0
DA:349,0
DA:350,0
DA:354,0
DA:355,0
DA:356,0
DA:357,0
DA:358,0
DA:359,0
DA:367,0
DA:368,0
DA:369,0
DA:371,0
DA:372,0
DA:373,0
DA:374,0
DA:376,0
DA:377,0
DA:378,0
DA:380,0
DA:381,0
DA:383,0
DA:390,0
DA:391,0
DA:392,0
DA:393,0
DA:396,0
DA:397,0
DA:398,0
DA:399,0
DA:400,0
DA:401,0
DA:405,0
DA:406,0
DA:407,0
DA:411,0
DA:412,0
DA:413,0
DA:414,0
DA:415,0
DA:416,0
DA:417,0
DA:418,0
DA:419,0
DA:420,0
DA:421,0
DA:424,0
DA:426,0
DA:427,0
DA:430,0
DA:431,0
DA:432,0
DA:434,0
DA:435,0
DA:437,0
DA:438,0
DA:439,0
DA:444,0
DA:445,0
DA:449,0
DA:450,0
DA:451,0
DA:452,0
DA:462,0
DA:463,0
DA:465,0
DA:467,0
DA:471,0
DA:472,0
DA:473,0
DA:474,0
DA:481,0
DA:483,0
DA:485,0
DA:486,0
DA:487,0
DA:488,0
DA:491,0
DA:492,0
DA:493,0
DA:497,0
DA:500,0
DA:501,0
DA:502,0
DA:506,0
DA:509,0
DA:510,0
DA:511,0
DA:518,0
DA:519,0
DA:521,0
DA:522,0
DA:523,0
DA:524,0
DA:525,0
DA:529,0
DA:544,0
DA:546,0
DA:552,0
DA:553,0
DA:554,0
DA:555,0
DA:556,0
DA:557,0
DA:559,0
DA:560,0
DA:561,0
DA:563,0
DA:566,0
DA:567,0
DA:568,0
DA:569,0
DA:570,0
DA:574,0
DA:575,0
DA:577,0
DA:579,0
DA:580,0
DA:581,0
DA:582,0
DA:583,0
DA:584,0
DA:585,0
DA:588,0
DA:589,0
DA:591,0
DA:600,0
DA:601,0
DA:603,0
DA:604,0
DA:605,0
DA:606,0
DA:609,0
DA:611,0
DA:612,0
DA:617,0
DA:618,0
DA:619,0
DA:620,0
DA:626,0
DA:627,0
DA:628,0
DA:629,0
DA:632,0
DA:633,0
DA:635,0
DA:638,0
DA:642,0
DA:643,0
DA:662,0
DA:665,0
DA:667,0
DA:668,0
DA:669,0
DA:670,0
DA:671,0
DA:672,0
DA:673,0
DA:676,0
DA:677,0
DA:679,0
DA:687,0
DA:688,0
DA:689,0
DA:692,0
DA:693,0
DA:694,0
DA:695,0
DA:700,0
DA:701,0
DA:705,0
DA:706,0
DA:707,0
DA:708,0
DA:709,0
DA:710,0
DA:711,0
DA:720,0
DA:722,0
DA:724,0
DA:725,0
DA:726,0
DA:727,0
DA:728,0
DA:729,0
DA:730,0
DA:731,0
DA:732,0
DA:733,0
DA:734,0
DA:735,0
DA:738,0
DA:739,0
DA:741,0
DA:750,0
DA:754,0
DA:757,0
DA:758,0
DA:759,0
DA:762,0
DA:763,0
DA:764,0
DA:765,0
DA:773,0
DA:774,0
DA:776,0
DA:777,0
DA:778,0
DA:779,0
DA:782,0
DA:784,0
DA:785,0
DA:790,0
DA:791,0
DA:792,0
DA:793,0
DA:799,0
DA:800,0
DA:801,0
DA:802,0
DA:805,0
DA:806,0
DA:808,0
DA:811,0
DA:815,0
DA:816,0
DA:833,0
DA:834,0
DA:835,0
DA:836,0
DA:837,0
DA:838,0
DA:840,0
DA:841,0
DA:842,0
DA:843,0
DA:846,0
DA:848,0
DA:849,0
DA:853,0
DA:854,0
DA:855,0
DA:856,0
DA:862,0
DA:863,0
DA:867,0
DA:868,0
DA:871,0
DA:872,0
DA:874,0
DA:877,0
DA:881,0
DA:882,0
DA:898,0
DA:899,0
DA:900,0
DA:901,0
DA:902,0
DA:903,0
DA:905,0
DA:906,0
DA:907,0
DA:908,0
DA:911,0
DA:913,0
DA:914,0
DA:918,0
DA:919,0
DA:920,0
DA:921,0
DA:927,0
DA:928,0
DA:933,0
DA:934,0
DA:937,0
DA:938,0
DA:940,0
DA:943,0
DA:947,0
DA:948,0
DA:964,0
DA:965,0
DA:966,0
DA:967,0
DA:973,0
DA:976,0
DA:978,0
DA:979,0
DA:980,0
DA:986,0
DA:988,0
DA:989,0
DA:990,0
DA:991,0
DA:996,0
DA:1000,0
DA:1001,0
DA:1002,0
DA:1003,0
DA:1004,0
DA:1005,0
DA:1006,0
DA:1007,0
DA:1010,0
DA:1011,0
DA:1012,0
DA:1018,0
DA:1036,3
DA:1038,0
DA:1040,0
DA:1042,0
DA:1045,0
DA:1047,0
DA:1048,0
DA:1049,0
DA:1052,0
DA:1053,0
DA:1054,0
DA:1055,0
DA:1056,0
DA:1057,0
DA:1074,0
DA:1082,0
DA:1084,0
DA:1086,0
DA:1087,0
DA:1088,0
DA:1089,0
DA:1090,0
DA:1091,0
DA:1096,0
DA:1097,0
DA:1098,0
LF:475
LH:2
end_of_record
SF:lib\presentation\auth\pages\password_forgot.dart
DA:15,3
DA:17,1
DA:18,1
DA:29,1
DA:31,1
DA:32,1
DA:35,1
DA:36,1
DA:37,1
DA:38,1
DA:39,1
DA:40,2
DA:41,4
DA:42,2
DA:43,5
DA:44,2
DA:47,0
DA:52,1
DA:54,2
DA:55,2
DA:56,1
DA:59,1
DA:61,1
DA:67,1
DA:68,2
DA:69,1
DA:70,0
DA:71,0
DA:72,0
DA:73,0
DA:74,0
DA:79,0
DA:80,0
DA:81,0
DA:82,0
DA:87,0
DA:90,1
DA:91,1
DA:92,1
DA:93,2
DA:95,3
DA:97,3
DA:99,1
DA:100,1
DA:102,2
DA:103,1
DA:104,1
DA:106,1
DA:120,1
DA:122,1
DA:129,1
DA:132,1
DA:134,1
DA:135,1
DA:136,1
DA:137,1
DA:138,1
DA:144,1
DA:145,1
DA:159,1
DA:162,1
DA:163,1
DA:164,1
DA:166,1
DA:167,3
DA:168,1
DA:169,1
DA:177,0
DA:178,0
DA:180,0
LF:70
LH:56
end_of_record
SF:lib\presentation\auth\pages\signup.dart
DA:11,3
DA:13,1
DA:14,1
DA:39,1
DA:41,1
DA:42,1
DA:45,1
DA:46,2
DA:47,1
DA:48,1
DA:49,2
DA:50,1
DA:51,2
DA:52,5
DA:53,2
DA:54,3
DA:55,4
DA:56,2
DA:59,1
DA:60,4
DA:61,2
DA:62,2
DA:69,1
DA:71,2
DA:72,2
DA:73,2
DA:74,2
DA:75,2
DA:76,1
DA:79,1
DA:81,1
DA:87,1
DA:88,1
DA:89,1
DA:90,3
DA:91,1
DA:92,1
DA:94,1
DA:95,1
DA:96,2
DA:97,1
DA:98,1
DA:100,1
DA:126,1
DA:129,1
DA:131,1
DA:132,1
DA:133,1
DA:138,1
DA:139,2
DA:145,1
DA:146,1
DA:156,1
DA:159,1
DA:161,1
DA:162,1
DA:163,1
DA:168,1
DA:169,2
DA:175,1
DA:176,1
DA:186,1
DA:189,1
DA:191,1
DA:192,1
DA:193,1
DA:198,1
DA:199,2
DA:205,1
DA:206,1
DA:216,1
DA:219,1
DA:221,1
DA:222,1
DA:223,1
DA:228,1
DA:229,2
DA:231,1
DA:233,1
DA:234,1
DA:237,1
DA:242,1
DA:243,1
DA:244,1
DA:248,1
DA:249,2
DA:250,2
DA:260,1
DA:261,1
DA:266,1
DA:271,1
DA:274,1
DA:275,1
DA:276,3
DA:279,1
DA:280,1
DA:288,1
DA:289,3
DA:290,2
DA:291,1
DA:292,1
DA:297,3
DA:298,2
DA:299,1
DA:300,1
DA:305,3
DA:306,2
DA:307,1
DA:308,1
DA:313,3
DA:314,2
DA:315,1
DA:316,1
DA:322,1
DA:324,1
DA:325,0
DA:326,1
DA:327,1
DA:328,2
DA:329,2
DA:330,2
DA:331,2
LF:122
LH:121
end_of_record
SF:lib\presentation\favorites\page\favorites_page.dart
DA:20,3
DA:22,1
DA:24,2
DA:26,1
DA:27,1
DA:28,1
DA:29,0
DA:30,0
DA:31,0
DA:32,0
DA:37,1
DA:38,0
DA:40,1
DA:41,0
DA:44,1
DA:45,1
DA:46,1
DA:48,4
DA:54,3
DA:56,1
DA:57,1
DA:58,1
DA:59,1
DA:62,1
DA:63,4
DA:64,2
DA:65,4
DA:69,0
DA:71,0
DA:82,0
DA:84,0
DA:85,0
DA:91,0
DA:92,0
DA:93,0
DA:95,0
DA:98,0
DA:100,0
DA:101,0
DA:102,0
DA:103,0
DA:104,0
DA:105,0
DA:106,0
DA:111,0
DA:112,0
DA:113,0
DA:114,0
DA:115,0
DA:116,0
DA:117,0
DA:118,0
DA:125,0
DA:126,0
DA:127,0
DA:128,0
DA:129,0
DA:130,0
DA:131,0
DA:132,0
DA:139,0
DA:140,0
DA:141,0
DA:142,0
DA:143,0
DA:144,0
DA:145,0
DA:146,0
DA:154,0
DA:155,0
DA:156,0
DA:160,0
DA:161,0
DA:163,0
DA:168,0
DA:170,0
DA:171,0
DA:172,0
DA:173,0
DA:174,0
DA:175,0
DA:177,0
DA:178,0
DA:184,0
DA:185,0
DA:186,0
DA:187,0
DA:188,0
DA:189,0
DA:191,0
DA:192,0
DA:193,0
DA:196,0
DA:197,0
DA:198,0
DA:200,0
DA:204,0
DA:206,0
DA:208,0
DA:209,0
DA:211,0
DA:218,0
DA:219,0
DA:221,0
DA:225,0
DA:227,0
DA:228,0
DA:229,0
DA:232,0
DA:234,0
DA:235,0
DA:238,0
DA:249,0
DA:250,0
DA:253,0
DA:254,0
DA:255,0
DA:256,0
DA:260,0
DA:262,0
DA:265,0
DA:268,0
DA:269,0
DA:270,0
DA:275,0
DA:278,0
DA:285,0
DA:286,0
DA:288,0
DA:292,0
DA:293,0
DA:295,0
DA:301,0
DA:303,0
DA:304,0
DA:305,0
DA:307,0
DA:308,0
DA:314,0
DA:315,0
DA:316,0
DA:317,0
DA:318,0
DA:321,0
DA:322,0
DA:324,0
DA:330,0
DA:331,0
DA:333,0
DA:334,0
DA:335,0
DA:337,0
DA:338,0
DA:342,0
DA:343,0
DA:345,0
DA:346,0
DA:350,0
DA:351,0
DA:352,0
DA:354,0
DA:355,0
DA:358,0
DA:359,0
DA:360,0
DA:361,0
DA:363,0
DA:365,0
DA:367,0
DA:368,0
DA:369,0
DA:372,0
DA:374,0
DA:375,0
DA:376,0
DA:377,0
DA:382,0
DA:384,0
DA:385,0
DA:386,0
DA:387,0
DA:388,0
DA:389,0
DA:393,0
DA:399,0
DA:401,0
DA:403,0
DA:404,0
DA:405,0
DA:423,3
DA:425,1
DA:440,3
DA:446,1
DA:448,1
DA:449,1
DA:451,1
DA:453,1
DA:454,1
DA:455,1
DA:456,1
DA:457,1
DA:471,1
DA:477,1
DA:479,1
DA:480,1
DA:482,1
DA:484,1
DA:485,1
DA:488,1
DA:491,1
DA:492,2
DA:493,3
DA:495,1
DA:496,1
DA:498,4
DA:517,1
DA:524,1
DA:526,3
DA:528,1
DA:530,1
DA:532,1
DA:533,1
DA:534,1
DA:535,1
DA:536,4
DA:539,1
DA:540,1
DA:543,1
DA:545,1
DA:546,1
DA:548,1
DA:549,4
DA:554,1
DA:555,1
DA:565,0
DA:567,0
DA:569,0
DA:571,0
DA:572,0
DA:573,0
DA:575,0
DA:576,0
DA:577,0
DA:587,3
DA:589,0
DA:591,0
DA:593,0
DA:595,0
DA:597,0
DA:598,0
DA:599,0
DA:602,0
DA:603,0
DA:604,0
DA:605,0
DA:606,0
DA:607,0
LF:257
LH:67
end_of_record
SF:lib\presentation\home\widgets\new_in.dart
DA:11,1
DA:19,1
DA:20,1
DA:26,1
DA:28,1
DA:29,2
DA:32,1
DA:34,2
DA:35,1
DA:38,1
DA:40,3
DA:46,1
DA:48,1
DA:50,3
DA:51,1
DA:52,1
DA:53,3
DA:54,1
DA:56,0
DA:57,4
DA:58,0
LF:21
LH:19
end_of_record
SF:lib\presentation\home\widgets\new_in_title.dart
DA:4,3
DA:6,1
DA:8,1
DA:10,1
DA:12,1
DA:13,1
DA:16,4
DA:17,3
DA:21,1
DA:22,1
DA:23,1
DA:30,1
DA:32,1
DA:35,4
DA:36,3
DA:40,1
DA:41,1
DA:42,1
DA:50,1
DA:53,4
DA:54,3
DA:58,1
DA:59,1
DA:60,1
LF:24
LH:24
end_of_record
SF:lib\presentation\home\widgets\product_card.dart
DA:13,1
DA:22,1
DA:24,6
DA:26,8
DA:27,4
DA:28,5
DA:29,1
DA:30,1
DA:32,1
DA:33,1
DA:34,1
DA:36,1
DA:37,1
DA:39,1
DA:42,1
DA:44,1
DA:46,1
DA:47,1
DA:48,1
DA:49,1
DA:50,1
DA:51,1
DA:52,1
DA:54,1
DA:60,2
DA:61,0
DA:62,0
DA:65,0
DA:67,1
DA:70,1
DA:73,1
DA:74,1
DA:76,1
DA:79,1
DA:80,1
DA:84,1
DA:85,1
DA:93,1
DA:94,1
DA:97,1
DA:99,1
DA:100,1
DA:101,2
DA:103,1
DA:106,1
DA:107,2
DA:113,1
DA:114,0
DA:116,0
DA:119,0
DA:120,0
DA:123,0
DA:126,0
DA:127,0
DA:128,0
DA:129,0
DA:130,0
DA:131,0
DA:145,1
DA:146,2
DA:147,4
DA:148,3
DA:157,1
DA:159,1
DA:160,1
DA:162,4
DA:163,3
DA:168,1
DA:169,4
DA:170,4
DA:175,0
DA:184,1
DA:186,1
DA:187,1
DA:189,4
DA:190,3
DA:195,1
DA:196,4
DA:197,4
DA:212,1
DA:213,1
DA:216,1
DA:222,1
DA:223,2
DA:225,2
DA:226,2
DA:228,1
DA:232,0
DA:233,0
DA:235,0
LF:90
LH:72
end_of_record
SF:lib\presentation\products\page\product_page.dart
DA:24,0
DA:30,0
DA:31,0
DA:46,0
DA:48,0
DA:49,0
DA:50,0
DA:53,0
DA:54,0
DA:55,0
DA:56,0
DA:57,0
DA:59,0
DA:60,0
DA:63,0
DA:64,0
DA:65,0
DA:66,0
DA:68,0
DA:70,0
DA:71,0
DA:72,0
DA:73,0
DA:74,0
DA:78,0
DA:80,0
DA:81,0
DA:82,0
DA:85,0
DA:87,0
DA:89,0
DA:93,0
DA:94,0
DA:96,0
DA:98,0
DA:99,0
DA:101,0
DA:102,0
DA:106,0
DA:108,0
DA:110,0
DA:111,0
DA:112,0
DA:113,0
DA:115,0
DA:116,0
DA:117,0
DA:118,0
DA:119,0
DA:121,0
DA:122,0
DA:124,0
DA:125,0
DA:126,0
DA:128,0
DA:133,0
DA:134,0
DA:135,0
DA:139,0
DA:140,0
DA:146,0
DA:149,0
DA:155,0
DA:160,0
DA:162,0
DA:163,0
DA:164,0
DA:165,0
DA:168,0
DA:169,0
DA:170,0
DA:171,0
DA:175,0
DA:176,0
DA:178,0
DA:180,0
DA:181,0
DA:183,0
DA:184,0
DA:185,0
DA:186,0
DA:187,0
DA:188,0
DA:193,0
DA:194,0
DA:195,0
DA:198,0
DA:202,0
DA:205,0
DA:206,0
DA:207,0
DA:211,0
DA:213,0
DA:215,0
DA:216,0
DA:217,0
DA:224,0
DA:226,0
DA:229,0
DA:233,0
DA:235,0
DA:238,0
DA:242,0
DA:244,0
DA:246,0
DA:247,0
DA:249,0
DA:250,0
DA:251,0
DA:252,0
DA:257,0
DA:262,0
DA:263,0
DA:264,0
DA:265,0
DA:266,0
DA:267,0
DA:268,0
DA:269,0
DA:272,0
DA:273,0
DA:274,0
DA:275,0
DA:276,0
DA:277,0
DA:283,0
DA:285,0
DA:286,0
DA:287,0
DA:295,0
DA:297,0
DA:298,0
DA:304,0
DA:307,0
DA:312,0
DA:314,0
DA:316,0
DA:321,0
DA:323,0
DA:324,0
DA:325,0
DA:327,0
DA:330,0
DA:335,0
DA:337,0
DA:338,0
DA:339,0
DA:340,0
DA:341,0
DA:345,0
DA:351,0
DA:355,0
DA:357,0
DA:358,0
DA:359,0
DA:361,0
DA:362,0
DA:364,0
DA:370,0
DA:371,0
DA:376,0
DA:389,0
DA:391,0
DA:392,0
DA:393,0
DA:394,0
DA:395,0
DA:400,0
DA:401,0
DA:402,0
DA:403,0
DA:404,0
DA:405,0
DA:412,0
DA:413,0
DA:414,0
DA:415,0
DA:416,0
DA:418,0
DA:419,0
DA:420,0
DA:421,0
DA:422,0
DA:432,0
DA:433,0
DA:435,0
DA:436,0
DA:437,0
DA:446,0
DA:448,0
DA:449,0
DA:450,0
DA:451,0
DA:460,0
DA:463,0
DA:464,0
DA:468,0
DA:469,0
DA:471,0
DA:475,0
DA:476,0
DA:479,0
DA:481,0
DA:487,0
DA:488,0
DA:491,0
DA:493,0
DA:494,0
DA:495,0
DA:497,0
DA:498,0
DA:501,0
DA:502,0
DA:503,0
DA:505,0
DA:507,0
DA:508,0
DA:509,0
DA:510,0
DA:513,0
DA:514,0
DA:520,0
DA:522,0
DA:523,0
DA:524,0
DA:525,0
DA:527,0
DA:528,0
DA:532,0
DA:534,0
DA:537,0
DA:544,0
DA:547,0
DA:548,0
DA:549,0
DA:552,0
DA:553,0
DA:554,0
DA:555,0
DA:557,0
DA:559,0
DA:560,0
DA:561,0
DA:563,0
DA:564,0
DA:565,0
DA:567,0
DA:568,0
DA:569,0
DA:573,0
DA:574,0
DA:580,0
DA:582,0
DA:583,0
DA:585,0
DA:586,0
DA:590,0
DA:592,0
DA:593,0
DA:596,0
DA:597,0
DA:599,0
DA:603,0
DA:604,0
DA:605,0
DA:612,0
DA:614,0
DA:617,0
DA:626,0
DA:629,0
DA:634,0
DA:636,0
DA:637,0
DA:638,0
DA:639,0
DA:648,0
DA:649,0
DA:650,0
DA:651,0
DA:660,0
DA:661,0
DA:662,0
DA:663,0
DA:672,0
DA:674,0
DA:675,0
DA:676,0
DA:678,0
DA:679,0
DA:680,0
DA:682,0
DA:683,0
DA:690,0
DA:691,0
DA:692,0
DA:693,0
DA:694,0
DA:695,0
DA:701,0
DA:706,0
DA:712,0
DA:714,0
DA:718,0
DA:719,0
DA:720,0
DA:721,0
DA:722,0
DA:723,0
DA:730,0
DA:731,0
DA:733,0
DA:734,0
DA:736,0
DA:740,0
DA:741,0
DA:743,0
DA:750,0
DA:751,0
DA:755,0
DA:756,0
DA:757,0
DA:758,0
DA:760,0
DA:765,0
DA:769,0
DA:770,0
DA:773,0
DA:784,0
DA:792,0
DA:794,0
DA:796,0
DA:798,0
DA:799,0
DA:800,0
DA:801,0
DA:807,0
DA:808,0
DA:809,0
DA:811,0
DA:812,0
DA:813,0
DA:814,0
DA:815,0
DA:816,0
DA:817,0
DA:818,0
DA:819,0
DA:820,0
DA:821,0
DA:822,0
DA:824,0
DA:825,0
DA:828,0
DA:829,0
DA:830,0
DA:836,0
DA:839,0
DA:841,0
DA:842,0
DA:843,0
DA:844,0
DA:846,0
DA:847,0
DA:863,0
DA:864,0
DA:866,0
DA:867,0
DA:868,0
DA:871,0
DA:873,0
DA:874,0
DA:875,0
DA:876,0
DA:877,0
DA:887,0
DA:888,0
DA:889,0
DA:900,0
DA:902,0
DA:904,0
DA:906,0
DA:909,0
DA:910,0
DA:911,0
DA:912,0
DA:913,0
DA:916,0
DA:918,0
DA:919,0
DA:921,0
DA:927,0
DA:928,0
DA:929,0
DA:930,0
DA:931,0
DA:934,0
DA:935,0
DA:937,0
DA:940,0
DA:942,0
DA:943,0
DA:944,0
DA:953,0
DA:955,0
DA:967,0
DA:969,0
DA:971,0
DA:974,0
DA:975,0
DA:976,0
DA:977,0
DA:978,0
DA:981,0
DA:983,0
DA:984,0
DA:985,0
DA:986,0
DA:992,0
DA:1002,0
DA:1004,0
DA:1006,0
DA:1008,0
DA:1009,0
DA:1010,0
DA:1012,0
DA:1013,0
DA:1014,0
DA:1027,0
DA:1029,0
DA:1031,0
DA:1033,0
DA:1034,0
DA:1035,0
DA:1036,0
DA:1039,0
DA:1040,0
DA:1041,0
DA:1042,0
DA:1043,0
DA:1044,0
DA:1046,0
DA:1049,0
DA:1050,0
DA:1051,0
DA:1052,0
DA:1053,0
DA:1054,0
DA:1055,0
DA:1056,0
DA:1065,3
DA:1067,0
DA:1069,0
DA:1071,0
DA:1073,0
DA:1075,0
DA:1076,0
DA:1077,0
DA:1080,0
DA:1081,0
DA:1082,0
DA:1083,0
DA:1084,0
DA:1085,0
DA:1099,0
DA:1104,0
DA:1106,0
DA:1114,0
DA:1116,0
DA:1117,0
DA:1118,0
DA:1121,0
DA:1123,0
DA:1124,0
DA:1127,0
DA:1129,0
DA:1131,0
DA:1132,0
DA:1133,0
DA:1134,0
DA:1135,0
DA:1136,0
DA:1137,0
DA:1138,0
DA:1139,0
DA:1142,0
DA:1143,0
DA:1146,0
DA:1147,0
DA:1148,0
DA:1149,0
DA:1152,0
DA:1153,0
DA:1165,0
DA:1168,0
DA:1169,0
DA:1173,0
DA:1174,0
DA:1178,0
DA:1180,0
DA:1181,0
DA:1182,0
DA:1185,0
DA:1187,0
DA:1188,0
DA:1190,0
DA:1191,0
LF:506
LH:1
end_of_record
SF:lib\presentation\home\widgets\categories.dart
DA:10,1
DA:16,1
DA:18,1
DA:20,1
DA:24,2
DA:25,1
DA:26,1
DA:27,2
DA:28,1
DA:29,3
DA:30,1
DA:31,1
DA:32,1
DA:35,1
DA:37,3
DA:38,1
DA:39,1
DA:40,1
DA:46,1
DA:47,1
DA:48,1
DA:49,1
DA:52,0
DA:59,1
DA:61,1
DA:62,1
DA:64,3
LF:27
LH:26
end_of_record
SF:lib\presentation\home\widgets\category_carousel.dart
DA:12,1
DA:21,1
DA:22,1
DA:28,1
DA:30,1
DA:31,2
DA:34,1
DA:36,2
DA:37,1
DA:40,1
DA:42,2
DA:43,6
DA:44,1
DA:46,1
DA:52,1
DA:54,1
DA:56,1
DA:57,1
DA:58,1
DA:59,1
DA:60,1
DA:62,0
DA:63,4
DA:64,0
LF:24
LH:22
end_of_record
SF:lib\presentation\home\widgets\header.dart
DA:8,1
DA:15,1
DA:17,1
DA:18,1
DA:24,1
DA:27,1
DA:29,1
DA:34,1
DA:35,1
DA:41,1
DA:46,3
DA:51,1
LF:12
LH:12
end_of_record
SF:lib\presentation\home\widgets\search_carousel.dart
DA:12,1
DA:21,1
DA:22,1
DA:28,1
DA:30,1
DA:31,2
DA:34,1
DA:36,2
DA:37,1
DA:40,1
DA:42,4
DA:43,2
DA:44,5
DA:45,1
DA:47,1
DA:53,1
DA:55,1
DA:57,1
DA:58,1
DA:59,1
DA:60,1
DA:61,1
DA:63,0
DA:64,4
DA:65,0
LF:25
LH:23
end_of_record
SF:lib\presentation\home\widgets\search_box.dart
DA:6,1
DA:8,1
DA:10,2
DA:12,1
DA:15,1
DA:17,1
DA:18,1
DA:19,1
DA:20,1
DA:21,1
DA:22,1
DA:25,1
DA:27,1
DA:28,2
DA:31,2
DA:33,1
DA:36,1
DA:37,1
DA:40,1
DA:41,1
DA:44,1
DA:45,1
DA:46,1
DA:47,1
LF:24
LH:24
end_of_record
SF:lib\presentation\home\widgets\top_selling.dart
DA:11,1
DA:19,1
DA:20,1
DA:26,1
DA:28,1
DA:29,2
DA:32,1
DA:34,2
DA:35,1
DA:38,1
DA:40,3
DA:46,1
DA:48,1
DA:50,3
DA:51,1
DA:52,1
DA:53,3
DA:54,1
DA:56,0
DA:57,4
DA:58,0
LF:21
LH:19
end_of_record
SF:lib\presentation\home\widgets\top_selling_title.dart
DA:4,3
DA:6,1
DA:8,1
DA:11,1
DA:13,1
DA:14,1
DA:16,4
DA:17,3
DA:21,1
DA:22,1
DA:23,1
DA:30,1
DA:32,1
DA:34,4
DA:35,3
DA:39,1
DA:40,1
DA:41,1
DA:49,1
DA:51,4
DA:52,3
DA:56,1
DA:57,1
DA:58,1
LF:24
LH:24
end_of_record
SF:lib\presentation\sales\pages\my_purchases_page.dart
DA:10,3
DA:12,1
DA:14,2
DA:16,1
DA:17,0
DA:18,0
DA:19,0
DA:20,0
DA:24,1
DA:25,1
DA:26,1
DA:28,4
DA:34,3
DA:36,1
DA:37,1
DA:38,1
DA:39,1
DA:42,1
DA:43,4
DA:44,2
DA:45,4
DA:49,0
DA:64,3
DA:66,0
DA:68,0
DA:69,0
DA:70,0
DA:74,0
DA:75,0
DA:77,0
DA:83,0
DA:87,0
DA:88,0
DA:90,0
DA:98,0
DA:100,0
DA:102,0
DA:104,0
DA:106,0
DA:108,0
DA:110,0
DA:112,0
DA:113,0
DA:116,0
DA:117,0
DA:118,0
DA:119,0
DA:120,0
DA:124,0
DA:132,0
DA:134,0
DA:137,0
DA:141,0
DA:153,0
DA:155,0
DA:156,0
DA:162,0
DA:164,0
DA:166,0
DA:167,0
DA:168,0
DA:169,0
DA:170,0
DA:172,0
DA:173,0
DA:174,0
DA:176,0
DA:177,0
DA:179,0
DA:182,0
DA:184,0
DA:186,0
DA:189,0
DA:190,0
DA:191,0
DA:192,0
DA:194,0
DA:200,0
DA:201,0
DA:202,0
DA:205,0
DA:211,0
DA:213,0
DA:214,0
DA:215,0
DA:221,0
DA:222,0
DA:223,0
DA:226,0
DA:227,0
DA:230,0
DA:233,0
DA:235,0
DA:237,0
DA:240,0
DA:242,0
DA:245,0
DA:247,0
DA:250,0
DA:252,0
DA:255,0
DA:257,0
DA:260,0
DA:262,0
DA:265,0
DA:266,0
DA:268,0
DA:276,0
DA:277,0
DA:279,0
DA:284,0
DA:286,0
DA:287,0
DA:288,0
DA:289,0
DA:290,0
DA:291,0
DA:293,0
DA:296,0
DA:308,0
DA:310,0
DA:312,0
DA:313,0
DA:314,0
DA:315,0
DA:316,0
DA:320,0
DA:321,0
DA:322,0
DA:323,0
DA:325,0
DA:328,0
DA:329,0
DA:330,0
DA:331,0
DA:332,0
DA:335,0
DA:337,0
DA:338,0
DA:340,0
DA:341,0
DA:342,0
DA:343,0
DA:346,0
DA:354,0
DA:358,0
DA:361,0
DA:362,0
DA:366,0
DA:374,0
DA:375,0
DA:376,0
DA:377,0
DA:380,0
DA:385,0
DA:386,0
DA:388,0
DA:392,0
DA:393,0
DA:395,0
DA:410,0
DA:412,0
DA:414,0
DA:416,0
DA:417,0
DA:418,0
DA:420,0
DA:421,0
DA:422,0
DA:436,0
DA:442,0
DA:444,0
DA:446,0
DA:447,0
DA:449,0
DA:451,0
DA:453,0
DA:454,0
DA:455,0
DA:456,0
DA:462,0
DA:463,0
DA:464,0
DA:467,0
DA:480,0
DA:482,0
DA:484,0
DA:486,0
DA:487,0
DA:488,0
DA:490,0
DA:491,0
DA:492,0
DA:506,0
DA:512,0
DA:514,0
DA:515,0
DA:517,0
DA:519,0
DA:520,0
DA:521,0
DA:523,0
DA:525,0
DA:526,0
DA:529,0
DA:531,0
DA:532,0
DA:533,0
DA:538,0
DA:539,0
DA:540,0
DA:556,0
DA:562,0
DA:564,0
DA:567,0
DA:568,0
DA:569,0
DA:570,0
DA:571,0
DA:574,0
DA:576,0
DA:577,0
DA:579,0
DA:585,0
DA:587,0
DA:589,0
DA:591,0
DA:605,3
DA:612,1
DA:614,1
DA:615,1
DA:617,1
DA:618,1
DA:619,1
DA:620,1
DA:621,2
DA:623,4
DA:625,1
DA:626,1
DA:628,4
DA:644,0
DA:646,0
DA:648,0
DA:649,0
DA:650,0
DA:651,0
DA:652,0
DA:653,0
DA:659,0
DA:660,0
DA:661,0
DA:675,1
DA:677,1
DA:679,1
DA:683,1
DA:684,1
DA:685,1
DA:686,1
DA:687,4
DA:690,1
DA:692,1
DA:693,1
DA:694,1
DA:695,4
DA:701,1
DA:711,0
DA:713,0
DA:715,0
DA:717,0
DA:718,0
DA:719,0
DA:721,0
DA:722,0
DA:723,0
DA:733,3
DA:735,0
DA:737,0
DA:739,0
DA:741,0
DA:743,0
DA:744,0
DA:745,0
DA:748,0
DA:749,0
DA:750,0
DA:751,0
DA:752,0
DA:753,0
DA:763,0
DA:764,0
DA:767,0
DA:768,0
DA:769,0
DA:770,0
DA:771,0
DA:772,0
DA:773,0
DA:776,0
DA:777,0
DA:778,0
DA:779,0
DA:780,0
DA:781,0
DA:782,0
DA:783,0
DA:786,0
DA:787,0
DA:788,0
DA:791,0
DA:792,0
DA:797,0
DA:798,0
DA:799,0
DA:801,0
DA:802,0
DA:807,0
DA:808,0
DA:809,0
DA:810,0
DA:813,0
DA:814,0
DA:815,0
DA:816,0
DA:819,0
DA:824,0
DA:825,0
DA:826,0
DA:827,0
DA:830,0
DA:831,0
DA:836,0
DA:837,0
DA:839,0
DA:840,0
DA:843,0
DA:844,0
DA:845,0
DA:849,0
DA:850,0
DA:852,0
DA:855,0
DA:857,0
DA:863,0
DA:864,0
DA:867,0
DA:868,0
DA:869,0
DA:872,0
DA:873,0
DA:874,0
DA:877,0
DA:878,0
DA:879,0
DA:883,0
DA:884,0
DA:885,0
DA:887,0
DA:889,0
DA:893,0
DA:897,0
LF:360
LH:46
end_of_record
SF:lib\presentation\sales\pages\cart_page.dart
DA:23,3
DA:25,0
DA:26,0
DA:41,0
DA:43,0
DA:44,0
DA:45,0
DA:46,0
DA:50,0
DA:52,0
DA:53,0
DA:54,0
DA:55,0
DA:56,0
DA:59,0
DA:60,0
DA:61,0
DA:62,0
DA:63,0
DA:65,0
DA:66,0
DA:70,0
DA:71,0
DA:75,0
DA:76,0
DA:77,0
DA:81,0
DA:83,0
DA:86,0
DA:87,0
DA:88,0
DA:89,0
DA:90,0
DA:92,0
DA:96,0
DA:97,0
DA:104,0
DA:105,0
DA:106,0
DA:107,0
DA:108,0
DA:109,0
DA:115,0
DA:117,0
DA:123,0
DA:124,0
DA:125,0
DA:130,0
DA:131,0
DA:132,0
DA:133,0
DA:134,0
DA:136,0
DA:137,0
DA:139,0
DA:140,0
DA:141,0
DA:142,0
DA:143,0
DA:146,0
DA:151,0
DA:155,0
DA:156,0
DA:157,0
DA:158,0
DA:161,0
DA:164,0
DA:168,0
DA:172,0
DA:173,0
DA:175,0
DA:176,0
DA:177,0
DA:178,0
DA:179,0
DA:182,0
DA:183,0
DA:185,0
DA:186,0
DA:188,0
DA:190,0
DA:191,0
DA:193,0
DA:194,0
DA:195,0
DA:196,0
DA:197,0
DA:200,0
DA:201,0
DA:202,0
DA:203,0
DA:204,0
DA:205,0
DA:206,0
DA:207,0
DA:208,0
DA:209,0
DA:210,0
DA:214,0
DA:215,0
DA:217,0
DA:218,0
DA:219,0
DA:220,0
DA:229,0
DA:230,0
DA:234,0
DA:238,0
DA:239,0
DA:242,0
DA:243,0
DA:246,0
DA:250,0
DA:251,0
DA:252,0
DA:253,0
DA:255,0
DA:256,0
DA:257,0
DA:258,0
DA:259,0
DA:263,0
DA:264,0
DA:269,0
DA:270,0
DA:271,0
DA:273,0
DA:274,0
DA:275,0
DA:278,0
DA:280,0
DA:282,0
DA:284,0
DA:286,0
DA:288,0
DA:289,0
DA:291,0
DA:294,0
DA:295,0
DA:296,0
DA:297,0
DA:299,0
DA:303,0
DA:304,0
DA:312,0
DA:319,0
DA:321,0
DA:325,0
DA:326,0
DA:329,0
DA:330,0
DA:331,0
DA:332,0
DA:333,0
DA:334,0
DA:335,0
DA:340,0
DA:341,0
DA:342,0
DA:343,0
DA:344,0
DA:351,0
DA:352,0
DA:353,0
DA:360,0
DA:362,0
DA:364,0
DA:365,0
DA:366,0
DA:367,0
DA:368,0
DA:370,0
DA:376,0
DA:378,0
DA:379,0
DA:380,0
DA:381,0
DA:384,0
DA:385,0
DA:386,0
DA:387,0
DA:391,0
DA:393,0
DA:394,0
DA:395,0
DA:396,0
DA:397,0
DA:398,0
DA:399,0
DA:403,0
DA:404,0
DA:405,0
DA:406,0
DA:409,0
DA:410,0
DA:411,0
DA:412,0
DA:413,0
DA:414,0
DA:415,0
DA:416,0
DA:417,0
DA:419,0
DA:420,0
DA:445,0
DA:461,0
DA:463,0
DA:464,0
DA:465,0
DA:466,0
DA:468,0
DA:469,0
DA:470,0
DA:472,0
DA:474,0
DA:481,0
DA:483,0
DA:485,0
DA:486,0
DA:487,0
DA:489,0
DA:490,0
DA:492,0
DA:494,0
DA:495,0
DA:496,0
DA:497,0
DA:502,0
DA:506,0
DA:507,0
DA:508,0
DA:509,0
DA:514,0
DA:516,0
DA:517,0
DA:519,0
DA:521,0
DA:522,0
DA:523,0
DA:524,0
DA:529,0
DA:532,0
DA:533,0
DA:534,0
DA:535,0
DA:536,0
DA:539,0
DA:540,0
DA:541,0
DA:555,0
DA:556,0
DA:557,0
DA:559,0
DA:561,0
DA:563,0
DA:564,0
DA:567,0
DA:568,0
DA:569,0
DA:570,0
DA:574,0
DA:576,0
DA:579,0
DA:583,0
DA:584,0
DA:585,0
DA:586,0
DA:587,0
DA:588,0
DA:591,0
DA:592,0
DA:593,0
DA:594,0
DA:599,0
DA:600,0
DA:601,0
DA:602,0
DA:604,0
DA:607,0
DA:610,0
DA:611,0
DA:612,0
DA:613,0
DA:614,0
DA:615,0
DA:616,0
DA:617,0
DA:618,0
DA:619,0
DA:621,0
DA:622,0
DA:624,0
DA:625,0
DA:626,0
DA:633,0
DA:634,0
DA:637,0
DA:642,0
DA:644,0
DA:646,0
DA:668,0
DA:679,0
DA:681,0
DA:683,0
DA:685,0
DA:686,0
DA:699,0
DA:700,0
DA:701,0
DA:702,0
DA:705,0
DA:706,0
DA:707,0
DA:708,0
DA:710,0
DA:712,0
DA:713,0
DA:714,0
DA:716,0
DA:718,0
DA:719,0
DA:720,0
DA:721,0
DA:722,0
DA:723,0
DA:729,0
DA:730,0
DA:732,0
DA:733,0
DA:734,0
DA:738,0
DA:739,0
DA:745,0
DA:749,0
DA:752,0
DA:754,0
DA:755,0
DA:756,0
DA:758,0
DA:762,0
DA:764,0
DA:769,0
DA:770,0
DA:772,0
DA:778,0
DA:779,0
DA:780,0
DA:783,0
DA:784,0
DA:790,0
DA:791,0
DA:792,0
DA:793,0
DA:794,0
DA:795,0
DA:798,0
DA:799,0
DA:800,0
DA:802,0
DA:810,0
DA:811,0
DA:812,0
DA:816,0
DA:817,0
DA:818,0
DA:820,0
DA:835,0
DA:840,0
DA:846,0
DA:849,0
DA:850,0
DA:853,0
DA:855,0
DA:856,0
DA:857,0
DA:858,0
DA:859,0
DA:862,0
DA:863,0
DA:864,0
DA:865,0
DA:868,0
DA:869,0
DA:870,0
DA:871,0
DA:878,0
DA:883,0
DA:885,0
DA:888,0
DA:889,0
DA:892,0
DA:894,0
DA:904,0
DA:910,0
DA:912,0
DA:913,0
DA:914,0
DA:916,0
DA:917,0
DA:918,0
DA:919,0
DA:920,0
DA:921,0
DA:922,0
DA:923,0
DA:924,0
DA:925,0
DA:926,0
DA:928,0
DA:929,0
DA:930,0
DA:932,0
DA:934,0
DA:935,0
DA:936,0
DA:937,0
DA:939,0
DA:941,0
DA:942,0
DA:944,0
DA:945,0
DA:946,0
DA:950,0
DA:956,0
DA:957,0
DA:960,0
DA:970,0
DA:972,0
DA:974,0
DA:975,0
DA:976,0
DA:977,0
DA:979,0
DA:985,0
DA:988,0
DA:989,0
DA:991,0
DA:995,0
DA:997,0
DA:1005,0
DA:1007,0
DA:1009,0
DA:1012,0
DA:1013,0
DA:1014,0
DA:1015,0
DA:1017,0
DA:1023,0
DA:1024,0
DA:1025,0
DA:1028,0
DA:1046,0
DA:1052,0
DA:1054,0
DA:1057,0
DA:1058,0
DA:1059,0
DA:1060,0
DA:1062,0
DA:1065,0
DA:1067,0
DA:1068,0
DA:1070,0
DA:1076,0
DA:1077,0
DA:1079,0
DA:1081,0
DA:1083,0
DA:1091,3
DA:1093,0
DA:1110,3
DA:1116,0
DA:1118,0
DA:1119,0
DA:1121,0
DA:1123,0
DA:1124,0
DA:1127,0
DA:1130,0
DA:1131,0
DA:1132,0
DA:1134,0
DA:1135,0
DA:1137,0
DA:1154,0
DA:1156,0
DA:1158,0
DA:1159,0
DA:1160,0
DA:1161,0
DA:1162,0
DA:1163,0
DA:1169,0
DA:1170,0
DA:1171,0
DA:1187,0
DA:1194,0
DA:1196,0
DA:1198,0
DA:1200,0
DA:1202,0
DA:1203,0
DA:1204,0
DA:1205,0
DA:1206,0
DA:1209,0
DA:1210,0
DA:1213,0
DA:1215,0
DA:1216,0
DA:1217,0
DA:1218,0
DA:1223,0
DA:1224,0
DA:1234,0
DA:1236,0
DA:1238,0
DA:1240,0
DA:1241,0
DA:1242,0
DA:1244,0
DA:1245,0
DA:1246,0
DA:1256,3
DA:1258,0
DA:1260,0
DA:1262,0
DA:1264,0
DA:1266,0
DA:1267,0
DA:1268,0
DA:1271,0
DA:1272,0
DA:1273,0
DA:1274,0
DA:1275,0
DA:1276,0
DA:1286,0
DA:1287,0
DA:1290,0
DA:1291,0
DA:1292,0
DA:1293,0
DA:1296,0
DA:1297,0
DA:1298,0
DA:1300,0
DA:1301,0
DA:1306,0
DA:1307,0
DA:1308,0
DA:1310,0
DA:1312,0
DA:1314,0
DA:1316,0
DA:1318,0
DA:1320,0
DA:1322,0
DA:1324,0
DA:1326,0
DA:1328,0
DA:1329,0
DA:1336,0
DA:1337,0
DA:1339,0
DA:1340,0
DA:1342,0
DA:1346,0
DA:1347,0
DA:1349,0
LF:570
LH:4
end_of_record
SF:lib\presentation\splash\pages\splash.dart
DA:11,1
DA:13,1
DA:15,1
DA:16,1
DA:18,1
DA:19,1
DA:21,0
DA:22,0
DA:25,1
DA:27,1
DA:28,1
LF:11
LH:9
end_of_record
